<?xml version="1.0" encoding="UTF-8"?>
<!-- Generated by org.testng.reporters.JUnitXMLReporter -->
<testsuite ignored="2" hostname="DESKTOP-HIR02G4" failures="1" tests="2" name="Command line test" time="46.894" errors="0" timestamp="2022-02-11T16:19:52 IST">
  <testcase classname="com.tests.Regression.Inventory.AddItemToCartFromProductHomeTest" name="test" time="23.155"/>
  <testcase classname="com.tests.Regression.Inventory.AddProductByCategorySubCategoryTest" name="test" time="0.006">
    <failure type="java.lang.AssertionError" message="Failed to click on the element: Home">
      <![CDATA[java.lang.AssertionError: Failed to click on the element: Home
at com.base.BasePage.click(BasePage.java:75)
at com.pages.RegisterUserPage.navigateToRediffHome(RegisterUserPage.java:66)
at com.tests.Regression.Inventory.AddProductByCategorySubCategoryTest.test(AddProductByCategorySubCategoryTest.java:40)
at java.base/java.util.ArrayList.forEach(ArrayList.java:1541)
... Removed 38 stack frames]]>
    </failure>
  </testcase> <!-- test -->
  <testcase classname="com.base.BaseClass" name="@BeforeSuite beforeSuite" time="0.0">
    <ignored/>
  </testcase> <!-- @BeforeSuite beforeSuite -->
  <testcase classname="com.base.BaseClass" name="@AfterSuite afterSuite" time="0.0">
    <ignored/>
  </testcase> <!-- @AfterSuite afterSuite -->
</testsuite> <!-- Command line test -->
