-------------------------------------------------------------------------------
Test set: TestSuite
-------------------------------------------------------------------------------
Tests run: 2, Failures: 1, Errors: 0, Skipped: 0, Time elapsed: 49.469 sec <<< FAILURE!
test(com.tests.Regression.Inventory.AddProductByCategorySubCategoryTest)  Time elapsed: 0.01 sec  <<< FAILURE!
java.lang.AssertionError: Failed to click on the element: Home
	at org.testng.Assert.fail(Assert.java:99)
	at com.base.BasePage.click(BasePage.java:75)
	at com.pages.RegisterUserPage.navigateToRediffHome(RegisterUserPage.java:66)
	at com.tests.Regression.Inventory.AddProductByCategorySubCategoryTest.test(AddProductByCategorySubCategoryTest.java:40)

