<?xml version="1.0" encoding="UTF-8"?>
<testng-results ignored="2" total="4" passed="1" failed="1" skipped="0">
  <reporter-output>
  </reporter-output>
  <suite started-at="2022-02-11T16:19:05 IST" name="Command line suite" finished-at="2022-02-11T16:19:52 IST" duration-ms="46894">
    <groups>
    </groups>
    <test started-at="2022-02-11T16:19:05 IST" name="Command line test" finished-at="2022-02-11T16:19:52 IST" duration-ms="46894">
      <class name="com.tests.Regression.Inventory.AddProductByCategorySubCategoryTest">
        <test-method is-config="true" signature="setUp()[pri:0, instance:com.tests.Regression.Inventory.AddProductByCategorySubCategoryTest@37ceb1df]" started-at="2022-02-11T16:19:41 IST" name="setUp" finished-at="2022-02-11T16:19:51 IST" duration-ms="9528" status="PASS">
          <reporter-output>
          </reporter-output>
        </test-method> <!-- setUp -->
        <test-method signature="test()[pri:0, instance:com.tests.Regression.Inventory.AddProductByCategorySubCategoryTest@37ceb1df]" started-at="2022-02-11T16:19:51 IST" name="test" finished-at="2022-02-11T16:19:51 IST" duration-ms="6" status="FAIL">
          <exception class="java.lang.AssertionError">
            <message>
              <![CDATA[Failed to click on the element: Home]]>
            </message>
            <full-stacktrace>
              <![CDATA[java.lang.AssertionError: Failed to click on the element: Home
at org.testng.Assert.fail(Assert.java:99)
at com.base.BasePage.click(BasePage.java:75)
at com.pages.RegisterUserPage.navigateToRediffHome(RegisterUserPage.java:66)
at com.tests.Regression.Inventory.AddProductByCategorySubCategoryTest.test(AddProductByCategorySubCategoryTest.java:40)
at java.base/jdk.internal.reflect.NativeMethodAccessorImpl.invoke0(Native Method)
at java.base/jdk.internal.reflect.NativeMethodAccessorImpl.invoke(NativeMethodAccessorImpl.java:62)
at java.base/jdk.internal.reflect.DelegatingMethodAccessorImpl.invoke(DelegatingMethodAccessorImpl.java:43)
at java.base/java.lang.reflect.Method.invoke(Method.java:566)
at org.testng.internal.MethodInvocationHelper.invokeMethod(MethodInvocationHelper.java:133)
at org.testng.internal.TestInvoker.invokeMethod(TestInvoker.java:598)
at org.testng.internal.TestInvoker.invokeTestMethod(TestInvoker.java:173)
at org.testng.internal.MethodRunner.runInSequence(MethodRunner.java:46)
at org.testng.internal.TestInvoker$MethodInvocationAgent.invoke(TestInvoker.java:824)
at org.testng.internal.TestInvoker.invokeTestMethods(TestInvoker.java:146)
at org.testng.internal.TestMethodWorker.invokeTestMethods(TestMethodWorker.java:146)
at org.testng.internal.TestMethodWorker.run(TestMethodWorker.java:128)
at java.base/java.util.ArrayList.forEach(ArrayList.java:1541)
at org.testng.TestRunner.privateRun(TestRunner.java:794)
at org.testng.TestRunner.run(TestRunner.java:596)
at org.testng.SuiteRunner.runTest(SuiteRunner.java:377)
at org.testng.SuiteRunner.runSequentially(SuiteRunner.java:371)
at org.testng.SuiteRunner.privateRun(SuiteRunner.java:332)
at org.testng.SuiteRunner.run(SuiteRunner.java:276)
at org.testng.SuiteRunnerWorker.runSuite(SuiteRunnerWorker.java:53)
at org.testng.SuiteRunnerWorker.run(SuiteRunnerWorker.java:96)
at org.testng.TestNG.runSuitesSequentially(TestNG.java:1212)
at org.testng.TestNG.runSuitesLocally(TestNG.java:1134)
at org.testng.TestNG.runSuites(TestNG.java:1063)
at org.testng.TestNG.run(TestNG.java:1031)
at org.apache.maven.surefire.testng.TestNGExecutor.run(TestNGExecutor.java:77)
at org.apache.maven.surefire.testng.TestNGDirectoryTestSuite.executeMulti(TestNGDirectoryTestSuite.java:159)
at org.apache.maven.surefire.testng.TestNGDirectoryTestSuite.execute(TestNGDirectoryTestSuite.java:99)
at org.apache.maven.surefire.testng.TestNGProvider.invoke(TestNGProvider.java:106)
at java.base/jdk.internal.reflect.NativeMethodAccessorImpl.invoke0(Native Method)
at java.base/jdk.internal.reflect.NativeMethodAccessorImpl.invoke(NativeMethodAccessorImpl.java:62)
at java.base/jdk.internal.reflect.DelegatingMethodAccessorImpl.invoke(DelegatingMethodAccessorImpl.java:43)
at java.base/java.lang.reflect.Method.invoke(Method.java:566)
at org.apache.maven.surefire.util.ReflectionUtils.invokeMethodWithArray(ReflectionUtils.java:189)
at org.apache.maven.surefire.booter.ProviderFactory$ProviderProxy.invoke(ProviderFactory.java:165)
at org.apache.maven.surefire.booter.ProviderFactory.invokeProvider(ProviderFactory.java:85)
at org.apache.maven.surefire.booter.ForkedBooter.runSuitesInProcess(ForkedBooter.java:115)
at org.apache.maven.surefire.booter.ForkedBooter.main(ForkedBooter.java:75)
]]>
            </full-stacktrace>
          </exception> <!-- java.lang.AssertionError -->
          <reporter-output>
          </reporter-output>
        </test-method> <!-- test -->
        <test-method is-config="true" signature="afterTest()[pri:0, instance:com.tests.Regression.Inventory.AddProductByCategorySubCategoryTest@37ceb1df]" started-at="2022-02-11T16:19:51 IST" name="afterTest" finished-at="2022-02-11T16:19:52 IST" duration-ms="680" status="PASS">
          <reporter-output>
          </reporter-output>
        </test-method> <!-- afterTest -->
      </class> <!-- com.tests.Regression.Inventory.AddProductByCategorySubCategoryTest -->
      <class name="com.tests.Regression.Inventory.AddItemToCartFromProductHomeTest">
        <test-method is-config="true" signature="beforeSuite()[pri:0, instance:com.tests.Regression.Inventory.AddItemToCartFromProductHomeTest@6c40365c]" started-at="2022-02-11T16:19:04 IST" name="beforeSuite" finished-at="2022-02-11T16:19:05 IST" duration-ms="639" status="PASS">
          <reporter-output>
          </reporter-output>
        </test-method> <!-- beforeSuite -->
        <test-method is-config="true" signature="setUp()[pri:0, instance:com.tests.Regression.Inventory.AddItemToCartFromProductHomeTest@6c40365c]" started-at="2022-02-11T16:19:05 IST" name="setUp" finished-at="2022-02-11T16:19:17 IST" duration-ms="12569" status="PASS">
          <reporter-output>
          </reporter-output>
        </test-method> <!-- setUp -->
        <test-method signature="test()[pri:0, instance:com.tests.Regression.Inventory.AddItemToCartFromProductHomeTest@6c40365c]" started-at="2022-02-11T16:19:17 IST" name="test" finished-at="2022-02-11T16:19:40 IST" duration-ms="23155" status="PASS">
          <reporter-output>
          </reporter-output>
        </test-method> <!-- test -->
        <test-method is-config="true" signature="afterTest(org.testng.ITestResult)[pri:0, instance:com.tests.Regression.Inventory.AddItemToCartFromProductHomeTest@6c40365c]" started-at="2022-02-11T16:19:40 IST" name="afterTest" finished-at="2022-02-11T16:19:41 IST" duration-ms="912" status="PASS">
          <params>
            <param index="0">
              <value>
                <![CDATA[[TestResult name=test status=SUCCESS method=AddItemToCartFromProductHomeTest.test()[pri:0, instance:com.tests.Regression.Inventory.AddItemToCartFromProductHomeTest@6c40365c] output={null}]]]>
              </value>
            </param>
          </params>
          <reporter-output>
          </reporter-output>
        </test-method> <!-- afterTest -->
        <test-method is-config="true" signature="afterSuite()[pri:0, instance:com.tests.Regression.Inventory.AddItemToCartFromProductHomeTest@6c40365c]" started-at="2022-02-11T16:19:52 IST" name="afterSuite" finished-at="2022-02-11T16:19:52 IST" duration-ms="721" status="PASS">
          <reporter-output>
          </reporter-output>
        </test-method> <!-- afterSuite -->
      </class> <!-- com.tests.Regression.Inventory.AddItemToCartFromProductHomeTest -->
    </test> <!-- Command line test -->
  </suite> <!-- Command line suite -->
</testng-results>
